{"C:\\projects\\react-mentoring\\src\\App.tsx": {"path":"C:\\projects\\react-mentoring\\src\\App.tsx","statementMap":{"0":{"start":{"line":1,"column":0},"end":{"line":1,"column":30}},"1":{"start":{"line":2,"column":0},"end":{"line":2,"column":38}},"2":{"start":{"line":3,"column":0},"end":{"line":3,"column":83}},"3":{"start":{"line":4,"column":0},"end":{"line":4,"column":38}},"4":{"start":{"line":5,"column":0},"end":{"line":5,"column":20}},"5":{"start":{"line":6,"column":0},"end":{"line":6,"column":48}},"6":{"start":{"line":7,"column":0},"end":{"line":7,"column":55}},"7":{"start":{"line":8,"column":0},"end":{"line":8,"column":43}},"8":{"start":{"line":11,"column":0},"end":{"line":11,"column":33}},"9":{"start":{"line":11,"column":18},"end":{"line":11,"column":38}},"10":{"start":{"line":12,"column":9},"end":{"line":30,"column":3}},"11":{"start":{"line":13,"column":4},"end":{"line":29,"column":6}},"12":{"start":{"line":31,"column":0},"end":{"line":31,"column":1}},"13":{"start":{"line":33,"column":0},"end":{"line":33,"column":19}}},"fnMap":{"0":{"name":"(anonymous_5)","decl":{"start":{"line":11,"column":0},"end":{"line":null,"column":-1}},"loc":{"start":{"line":11,"column":0},"end":{"line":11,"column":-1}}},"1":{"name":"(anonymous_7)","decl":{"start":{"line":12,"column":2},"end":{"line":null,"column":-1}},"loc":{"start":{"line":12,"column":2},"end":{"line":30,"column":3}}}},"branchMap":{},"s":{"0":1,"1":1,"2":1,"3":1,"4":1,"5":1,"6":1,"7":1,"8":1,"9":1,"10":1,"11":1,"12":1,"13":1},"f":{"0":2,"1":1},"b":{}}
,"C:\\projects\\react-mentoring\\src\\containers\\FilmsBy.tsx": {"path":"C:\\projects\\react-mentoring\\src\\containers\\FilmsBy.tsx","statementMap":{"0":{"start":{"line":1,"column":0},"end":{"line":1,"column":30}},"1":{"start":{"line":4,"column":0},"end":{"line":8,"column":2}},"2":{"start":{"line":4,"column":40},"end":{"line":8,"column":1}}},"fnMap":{"0":{"name":"(anonymous_0)","decl":{"start":{"line":4,"column":15},"end":{"line":4,"column":15}},"loc":{"start":{"line":4,"column":35},"end":{"line":8,"column":1}}}},"branchMap":{},"s":{"0":4,"1":4,"2":1},"f":{"0":1},"b":{}}
,"C:\\projects\\react-mentoring\\src\\containers\\MovieDetailsContainer.tsx": {"path":"C:\\projects\\react-mentoring\\src\\containers\\MovieDetailsContainer.tsx","statementMap":{"0":{"start":{"line":1,"column":0},"end":{"line":1,"column":30}},"1":{"start":{"line":2,"column":0},"end":{"line":2,"column":37}},"2":{"start":{"line":4,"column":0},"end":{"line":4,"column":49}},"3":{"start":{"line":5,"column":0},"end":{"line":5,"column":43}},"4":{"start":{"line":6,"column":0},"end":{"line":6,"column":56}},"5":{"start":{"line":7,"column":0},"end":{"line":7,"column":45}},"6":{"start":{"line":8,"column":0},"end":{"line":8,"column":31}},"7":{"start":{"line":10,"column":24},"end":{"line":14,"column":1}},"8":{"start":{"line":11,"column":2},"end":{"line":13,"column":4}},"9":{"start":{"line":16,"column":26},"end":{"line":20,"column":1}},"10":{"start":{"line":17,"column":2},"end":{"line":19,"column":4}},"11":{"start":{"line":18,"column":32},"end":{"line":18,"column":59}},"12":{"start":{"line":22,"column":0},"end":{"line":22,"column":42}},"13":{"start":{"line":22,"column":27},"end":{"line":22,"column":52}},"14":{"start":{"line":27,"column":4},"end":{"line":27,"column":16}},"15":{"start":{"line":28,"column":4},"end":{"line":30,"column":6}},"16":{"start":{"line":33,"column":15},"end":{"line":46,"column":3}},"17":{"start":{"line":34,"column":10},"end":{"line":34,"column":58}},"18":{"start":{"line":36,"column":8},"end":{"line":36,"column":32}},"19":{"start":{"line":37,"column":6},"end":{"line":37,"column":44}},"20":{"start":{"line":40,"column":22},"end":{"line":40,"column":52}},"21":{"start":{"line":40,"column":14},"end":{"line":40,"column":52}},"22":{"start":{"line":41,"column":8},"end":{"line":41,"column":57}},"23":{"start":{"line":43,"column":8},"end":{"line":43,"column":27}},"24":{"start":{"line":48,"column":9},"end":{"line":56,"column":3}},"25":{"start":{"line":49,"column":19},"end":{"line":54,"column":5}},"26":{"start":{"line":55,"column":4},"end":{"line":55,"column":33}},"27":{"start":{"line":58,"column":9},"end":{"line":64,"column":3}},"28":{"start":{"line":59,"column":23},"end":{"line":59,"column":52}},"29":{"start":{"line":60,"column":4},"end":{"line":63,"column":5}},"30":{"start":{"line":61,"column":6},"end":{"line":61,"column":44}},"31":{"start":{"line":62,"column":6},"end":{"line":62,"column":31}},"32":{"start":{"line":66,"column":9},"end":{"line":68,"column":3}},"33":{"start":{"line":67,"column":4},"end":{"line":67,"column":78}},"34":{"start":{"line":67,"column":53},"end":{"line":67,"column":76}},"35":{"start":{"line":70,"column":9},"end":{"line":73,"column":3}},"36":{"start":{"line":71,"column":18},"end":{"line":71,"column":49}},"37":{"start":{"line":72,"column":4},"end":{"line":72,"column":29}},"38":{"start":{"line":75,"column":9},"end":{"line":86,"column":3}},"39":{"start":{"line":76,"column":4},"end":{"line":84,"column":5}},"40":{"start":{"line":77,"column":6},"end":{"line":83,"column":8}},"41":{"start":{"line":85,"column":4},"end":{"line":85,"column":33}},"42":{"start":{"line":87,"column":0},"end":{"line":87,"column":1}},"43":{"start":{"line":89,"column":0},"end":{"line":91,"column":2}}},"fnMap":{"0":{"name":"(anonymous_17)","decl":{"start":{"line":10,"column":24},"end":{"line":10,"column":24}},"loc":{"start":{"line":10,"column":35},"end":{"line":14,"column":1}}},"1":{"name":"(anonymous_18)","decl":{"start":{"line":16,"column":26},"end":{"line":16,"column":26}},"loc":{"start":{"line":16,"column":40},"end":{"line":20,"column":1}}},"2":{"name":"(anonymous_19)","decl":{"start":{"line":18,"column":15},"end":{"line":18,"column":15}},"loc":{"start":{"line":18,"column":27},"end":{"line":18,"column":59}}},"3":{"name":"(anonymous_20)","decl":{"start":{"line":22,"column":0},"end":{"line":null,"column":-1}},"loc":{"start":{"line":22,"column":0},"end":{"line":22,"column":-1}}},"4":{"name":"MovieDetails","decl":{"start":{"line":26,"column":2},"end":{"line":26,"column":13}},"loc":{"start":{"line":26,"column":24},"end":{"line":31,"column":3}}},"5":{"name":"(anonymous_22)","decl":{"start":{"line":33,"column":2},"end":{"line":null,"column":-1}},"loc":{"start":{"line":33,"column":2},"end":{"line":46,"column":3}}},"6":{"name":"(anonymous_25)","decl":{"start":{"line":48,"column":2},"end":{"line":null,"column":-1}},"loc":{"start":{"line":48,"column":2},"end":{"line":56,"column":3}}},"7":{"name":"(anonymous_26)","decl":{"start":{"line":58,"column":2},"end":{"line":58,"column":34}},"loc":{"start":{"line":58,"column":45},"end":{"line":64,"column":3}}},"8":{"name":"(anonymous_27)","decl":{"start":{"line":66,"column":2},"end":{"line":66,"column":26}},"loc":{"start":{"line":66,"column":46},"end":{"line":68,"column":3}}},"9":{"name":"(anonymous_28)","decl":{"start":{"line":67,"column":34},"end":{"line":67,"column":34}},"loc":{"start":{"line":67,"column":48},"end":{"line":67,"column":76}}},"10":{"name":"(anonymous_29)","decl":{"start":{"line":70,"column":2},"end":{"line":70,"column":29}},"loc":{"start":{"line":70,"column":45},"end":{"line":73,"column":3}}},"11":{"name":"(anonymous_30)","decl":{"start":{"line":75,"column":2},"end":{"line":null,"column":-1}},"loc":{"start":{"line":75,"column":2},"end":{"line":86,"column":3}}}},"branchMap":{"0":{"loc":{"start":{"line":27,"column":4},"end":{"line":27,"column":16}},"type":"binary-expr","locations":[{"start":{"line":27,"column":4},"end":{"line":27,"column":16}},{"start":{"line":27,"column":16},"end":{"line":31,"column":2}}]},"1":{"loc":{"start":{"line":60,"column":4},"end":{"line":63,"column":5}},"type":"if","locations":[{"start":{"line":60,"column":4},"end":{"line":63,"column":5}},{"start":{"line":60,"column":4},"end":{"line":63,"column":5}}]},"2":{"loc":{"start":{"line":76,"column":4},"end":{"line":84,"column":5}},"type":"if","locations":[{"start":{"line":76,"column":4},"end":{"line":84,"column":5}},{"start":{"line":76,"column":4},"end":{"line":84,"column":5}}]}},"s":{"0":3,"1":3,"2":3,"3":3,"4":3,"5":3,"6":3,"7":3,"8":9,"9":3,"10":9,"11":5,"12":3,"13":3,"14":9,"15":9,"16":3,"17":9,"18":4,"19":5,"20":4,"21":4,"22":4,"23":0,"24":3,"25":5,"26":5,"27":3,"28":2,"29":2,"30":1,"31":1,"32":3,"33":6,"34":7,"35":3,"36":6,"37":6,"38":3,"39":14,"40":10,"41":4,"42":3,"43":3},"f":{"0":9,"1":9,"2":5,"3":3,"4":9,"5":9,"6":5,"7":2,"8":6,"9":7,"10":6,"11":14},"b":{"0":[9,9],"1":[1,1],"2":[10,4]}}
,"C:\\projects\\react-mentoring\\src\\containers\\MoviesContainer.tsx": {"path":"C:\\projects\\react-mentoring\\src\\containers\\MoviesContainer.tsx","statementMap":{"0":{"start":{"line":1,"column":0},"end":{"line":1,"column":47}},"1":{"start":{"line":2,"column":0},"end":{"line":2,"column":30}},"2":{"start":{"line":3,"column":0},"end":{"line":3,"column":37}},"3":{"start":{"line":4,"column":0},"end":{"line":4,"column":45}},"4":{"start":{"line":5,"column":0},"end":{"line":5,"column":51}},"5":{"start":{"line":6,"column":0},"end":{"line":6,"column":53}},"6":{"start":{"line":7,"column":0},"end":{"line":7,"column":39}},"7":{"start":{"line":18,"column":24},"end":{"line":22,"column":1}},"8":{"start":{"line":19,"column":2},"end":{"line":21,"column":4}},"9":{"start":{"line":24,"column":26},"end":{"line":28,"column":1}},"10":{"start":{"line":25,"column":2},"end":{"line":27,"column":4}},"11":{"start":{"line":26,"column":32},"end":{"line":26,"column":59}},"12":{"start":{"line":30,"column":0},"end":{"line":30,"column":45}},"13":{"start":{"line":30,"column":30},"end":{"line":30,"column":54}},"14":{"start":{"line":35,"column":4},"end":{"line":35,"column":16}},"15":{"start":{"line":36,"column":4},"end":{"line":43,"column":6}},"16":{"start":{"line":44,"column":4},"end":{"line":44,"column":81}},"17":{"start":{"line":47,"column":9},"end":{"line":50,"column":3}},"18":{"start":{"line":48,"column":24},"end":{"line":48,"column":57}},"19":{"start":{"line":49,"column":4},"end":{"line":49,"column":35}},"20":{"start":{"line":52,"column":9},"end":{"line":54,"column":3}},"21":{"start":{"line":53,"column":4},"end":{"line":53,"column":31}},"22":{"start":{"line":56,"column":9},"end":{"line":58,"column":3}},"23":{"start":{"line":57,"column":4},"end":{"line":57,"column":44}},"24":{"start":{"line":60,"column":9},"end":{"line":63,"column":3}},"25":{"start":{"line":61,"column":4},"end":{"line":61,"column":27}},"26":{"start":{"line":62,"column":4},"end":{"line":62,"column":24}},"27":{"start":{"line":65,"column":9},"end":{"line":77,"column":3}},"28":{"start":{"line":65,"column":2},"end":{"line":77,"column":2}},"29":{"start":{"line":66,"column":4},"end":{"line":66,"column":28}},"30":{"start":{"line":67,"column":16},"end":{"line":70,"column":5}},"31":{"start":{"line":71,"column":4},"end":{"line":75,"column":7}},"32":{"start":{"line":72,"column":6},"end":{"line":74,"column":7}},"33":{"start":{"line":73,"column":8},"end":{"line":73,"column":28}},"34":{"start":{"line":79,"column":9},"end":{"line":97,"column":3}},"35":{"start":{"line":80,"column":21},"end":{"line":80,"column":52}},"36":{"start":{"line":81,"column":27},"end":{"line":81,"column":71}},"37":{"start":{"line":82,"column":32},"end":{"line":82,"column":75}},"38":{"start":{"line":83,"column":4},"end":{"line":96,"column":6}},"39":{"start":{"line":99,"column":10},"end":{"line":106,"column":3}},"40":{"start":{"line":100,"column":16},"end":{"line":103,"column":5}},"41":{"start":{"line":105,"column":4},"end":{"line":105,"column":60}},"42":{"start":{"line":108,"column":10},"end":{"line":113,"column":3}},"43":{"start":{"line":109,"column":4},"end":{"line":112,"column":6}},"44":{"start":{"line":114,"column":0},"end":{"line":114,"column":1}},"45":{"start":{"line":116,"column":0},"end":{"line":116,"column":96}}},"fnMap":{"0":{"name":"(anonymous_6)","decl":{"start":{"line":18,"column":24},"end":{"line":18,"column":24}},"loc":{"start":{"line":18,"column":35},"end":{"line":22,"column":1}}},"1":{"name":"(anonymous_7)","decl":{"start":{"line":24,"column":26},"end":{"line":24,"column":26}},"loc":{"start":{"line":24,"column":40},"end":{"line":28,"column":1}}},"2":{"name":"(anonymous_8)","decl":{"start":{"line":26,"column":15},"end":{"line":26,"column":15}},"loc":{"start":{"line":26,"column":27},"end":{"line":26,"column":59}}},"3":{"name":"(anonymous_9)","decl":{"start":{"line":30,"column":0},"end":{"line":null,"column":-1}},"loc":{"start":{"line":30,"column":0},"end":{"line":30,"column":-1}}},"4":{"name":"MoviesContainer","decl":{"start":{"line":34,"column":2},"end":{"line":34,"column":13}},"loc":{"start":{"line":34,"column":24},"end":{"line":45,"column":3}}},"5":{"name":"(anonymous_11)","decl":{"start":{"line":47,"column":2},"end":{"line":null,"column":-1}},"loc":{"start":{"line":47,"column":2},"end":{"line":50,"column":3}}},"6":{"name":"(anonymous_12)","decl":{"start":{"line":52,"column":2},"end":{"line":null,"column":-1}},"loc":{"start":{"line":52,"column":2},"end":{"line":54,"column":3}}},"7":{"name":"(anonymous_13)","decl":{"start":{"line":56,"column":2},"end":{"line":null,"column":-1}},"loc":{"start":{"line":56,"column":2},"end":{"line":58,"column":3}}},"8":{"name":"(anonymous_14)","decl":{"start":{"line":60,"column":2},"end":{"line":60,"column":24}},"loc":{"start":{"line":60,"column":37},"end":{"line":63,"column":3}}},"9":{"name":"(anonymous_15)","decl":{"start":{"line":65,"column":2},"end":{"line":65,"column":30}},"loc":{"start":{"line":65,"column":64},"end":{"line":77,"column":3}}},"10":{"name":"(anonymous_16)","decl":{"start":{"line":71,"column":30},"end":{"line":null,"column":-1}},"loc":{"start":{"line":71,"column":30},"end":{"line":75,"column":5}}},"11":{"name":"(anonymous_17)","decl":{"start":{"line":79,"column":2},"end":{"line":null,"column":-1}},"loc":{"start":{"line":79,"column":2},"end":{"line":97,"column":3}}},"12":{"name":"(anonymous_18)","decl":{"start":{"line":99,"column":2},"end":{"line":99,"column":22}},"loc":{"start":{"line":99,"column":40},"end":{"line":106,"column":3}}},"13":{"name":"(anonymous_19)","decl":{"start":{"line":108,"column":2},"end":{"line":null,"column":-1}},"loc":{"start":{"line":108,"column":2},"end":{"line":113,"column":3}}}},"branchMap":{"0":{"loc":{"start":{"line":35,"column":4},"end":{"line":35,"column":16}},"type":"binary-expr","locations":[{"start":{"line":35,"column":4},"end":{"line":35,"column":16}},{"start":{"line":35,"column":16},"end":{"line":45,"column":2}}]},"1":{"loc":{"start":{"line":72,"column":6},"end":{"line":74,"column":7}},"type":"if","locations":[{"start":{"line":72,"column":6},"end":{"line":74,"column":7}},{"start":{"line":72,"column":6},"end":{"line":74,"column":7}}]}},"s":{"0":3,"1":3,"2":3,"3":3,"4":3,"5":3,"6":3,"7":3,"8":12,"9":3,"10":12,"11":1,"12":3,"13":3,"14":12,"15":12,"16":12,"17":3,"18":14,"19":14,"20":3,"21":1,"22":3,"23":1,"24":3,"25":2,"26":2,"27":3,"28":4,"29":4,"30":4,"31":4,"32":4,"33":1,"34":3,"35":33,"36":33,"37":33,"38":33,"39":3,"40":17,"41":17,"42":3,"43":17,"44":3,"45":3},"f":{"0":12,"1":12,"2":1,"3":3,"4":12,"5":14,"6":1,"7":1,"8":2,"9":4,"10":4,"11":33,"12":17,"13":17},"b":{"0":[12,12],"1":[1,3]}}
,"C:\\projects\\react-mentoring\\src\\core\\ErrorBoundary.tsx": {"path":"C:\\projects\\react-mentoring\\src\\core\\ErrorBoundary.tsx","statementMap":{"0":{"start":{"line":1,"column":0},"end":{"line":1,"column":30}},"1":{"start":{"line":7,"column":0},"end":{"line":7,"column":58}},"2":{"start":{"line":7,"column":43},"end":{"line":7,"column":71}},"3":{"start":{"line":11,"column":4},"end":{"line":11,"column":16}},"4":{"start":{"line":12,"column":4},"end":{"line":12,"column":37}},"5":{"start":{"line":15,"column":9},"end":{"line":17,"column":3}},"6":{"start":{"line":16,"column":4},"end":{"line":16,"column":38}},"7":{"start":{"line":19,"column":9},"end":{"line":25,"column":3}},"8":{"start":{"line":20,"column":4},"end":{"line":22,"column":5}},"9":{"start":{"line":21,"column":6},"end":{"line":21,"column":26}},"10":{"start":{"line":24,"column":4},"end":{"line":24,"column":31}},"11":{"start":{"line":26,"column":0},"end":{"line":26,"column":1}}},"fnMap":{"0":{"name":"(anonymous_5)","decl":{"start":{"line":7,"column":0},"end":{"line":null,"column":-1}},"loc":{"start":{"line":7,"column":0},"end":{"line":7,"column":-1}}},"1":{"name":"ErrorBoundary","decl":{"start":{"line":10,"column":2},"end":{"line":10,"column":13}},"loc":{"start":{"line":10,"column":24},"end":{"line":13,"column":3}}},"2":{"name":"(anonymous_7)","decl":{"start":{"line":15,"column":2},"end":{"line":15,"column":26}},"loc":{"start":{"line":15,"column":53},"end":{"line":17,"column":3}}},"3":{"name":"(anonymous_8)","decl":{"start":{"line":19,"column":2},"end":{"line":null,"column":-1}},"loc":{"start":{"line":19,"column":2},"end":{"line":25,"column":3}}}},"branchMap":{"0":{"loc":{"start":{"line":11,"column":4},"end":{"line":11,"column":16}},"type":"binary-expr","locations":[{"start":{"line":11,"column":4},"end":{"line":11,"column":16}},{"start":{"line":11,"column":16},"end":{"line":13,"column":2}}]},"1":{"loc":{"start":{"line":20,"column":4},"end":{"line":22,"column":5}},"type":"if","locations":[{"start":{"line":20,"column":4},"end":{"line":22,"column":5}},{"start":{"line":20,"column":4},"end":{"line":22,"column":5}}]}},"s":{"0":2,"1":2,"2":2,"3":4,"4":4,"5":2,"6":2,"7":2,"8":6,"9":2,"10":4,"11":2},"f":{"0":2,"1":4,"2":2,"3":6},"b":{"0":[4,4],"1":[2,4]}}
,"C:\\projects\\react-mentoring\\src\\core\\MovieCard.tsx": {"path":"C:\\projects\\react-mentoring\\src\\core\\MovieCard.tsx","statementMap":{"0":{"start":{"line":1,"column":0},"end":{"line":1,"column":30}},"1":{"start":{"line":2,"column":0},"end":{"line":2,"column":42}},"2":{"start":{"line":3,"column":0},"end":{"line":10,"column":19}},"3":{"start":{"line":11,"column":0},"end":{"line":11,"column":26}},"4":{"start":{"line":13,"column":20},"end":{"line":17,"column":1}},"5":{"start":{"line":13,"column":23},"end":{"line":13,"column":29}},"6":{"start":{"line":13,"column":58},"end":{"line":17,"column":1}},"7":{"start":{"line":15,"column":34},"end":{"line":15,"column":91}},"8":{"start":{"line":19,"column":0},"end":{"line":39,"column":2}},"9":{"start":{"line":19,"column":18},"end":{"line":19,"column":23}},"10":{"start":{"line":19,"column":35},"end":{"line":39,"column":1}}},"fnMap":{"0":{"name":"(anonymous_0)","decl":{"start":{"line":13,"column":20},"end":{"line":13,"column":20}},"loc":{"start":{"line":13,"column":53},"end":{"line":17,"column":1}}},"1":{"name":"(anonymous_1)","decl":{"start":{"line":15,"column":16},"end":{"line":15,"column":16}},"loc":{"start":{"line":15,"column":29},"end":{"line":15,"column":91}}},"2":{"name":"(anonymous_2)","decl":{"start":{"line":19,"column":15},"end":{"line":19,"column":15}},"loc":{"start":{"line":19,"column":30},"end":{"line":39,"column":1}}}},"branchMap":{},"s":{"0":7,"1":7,"2":7,"3":7,"4":7,"5":1,"6":1,"7":4,"8":7,"9":2,"10":2},"f":{"0":1,"1":4,"2":2},"b":{}}
,"C:\\projects\\react-mentoring\\src\\core\\MoviesList.tsx": {"path":"C:\\projects\\react-mentoring\\src\\core\\MoviesList.tsx","statementMap":{"0":{"start":{"line":1,"column":0},"end":{"line":1,"column":30}},"1":{"start":{"line":2,"column":0},"end":{"line":2,"column":48}},"2":{"start":{"line":4,"column":0},"end":{"line":4,"column":35}},"3":{"start":{"line":10,"column":21},"end":{"line":10,"column":50}},"4":{"start":{"line":10,"column":27},"end":{"line":10,"column":50}},"5":{"start":{"line":12,"column":0},"end":{"line":27,"column":2}},"6":{"start":{"line":12,"column":18},"end":{"line":12,"column":24}},"7":{"start":{"line":13,"column":2},"end":{"line":15,"column":3}},"8":{"start":{"line":14,"column":4},"end":{"line":14,"column":28}},"9":{"start":{"line":16,"column":2},"end":{"line":26,"column":4}},"10":{"start":{"line":19,"column":39},"end":{"line":23,"column":9}}},"fnMap":{"0":{"name":"(anonymous_0)","decl":{"start":{"line":10,"column":21},"end":{"line":10,"column":26}},"loc":{"start":{"line":10,"column":21},"end":{"line":10,"column":50}}},"1":{"name":"(anonymous_1)","decl":{"start":{"line":12,"column":15},"end":{"line":12,"column":15}},"loc":{"start":{"line":12,"column":34},"end":{"line":27,"column":1}}},"2":{"name":"(anonymous_2)","decl":{"start":{"line":19,"column":20},"end":{"line":19,"column":20}},"loc":{"start":{"line":19,"column":34},"end":{"line":23,"column":9}}}},"branchMap":{"0":{"loc":{"start":{"line":13,"column":2},"end":{"line":15,"column":3}},"type":"if","locations":[{"start":{"line":13,"column":2},"end":{"line":15,"column":3}},{"start":{"line":13,"column":2},"end":{"line":15,"column":3}}]}},"s":{"0":6,"1":6,"2":6,"3":6,"4":2,"5":6,"6":3,"7":3,"8":2,"9":1,"10":1},"f":{"0":2,"1":3,"2":1},"b":{"0":[2,1]}}
,"C:\\projects\\react-mentoring\\src\\core\\store\\actions.ts": {"path":"C:\\projects\\react-mentoring\\src\\core\\store\\actions.ts","statementMap":{"0":{"start":{"line":1,"column":0},"end":{"line":1,"column":63}},"1":{"start":{"line":3,"column":0},"end":{"line":5,"column":1}},"2":{"start":{"line":4,"column":2},"end":{"line":4,"column":36}},"3":{"start":{"line":8,"column":2},"end":{"line":11,"column":4}},"4":{"start":{"line":7,"column":0},"end":{"line":12,"column":1}}},"fnMap":{"0":{"name":"(anonymous_0)","decl":{"start":{"line":3,"column":0},"end":{"line":3,"column":11}},"loc":{"start":{"line":3,"column":23},"end":{"line":5,"column":1}}},"1":{"name":"getMovies","decl":{"start":{"line":7,"column":0},"end":{"line":7,"column":25}},"loc":{"start":{"line":7,"column":37},"end":{"line":12,"column":1}}}},"branchMap":{"0":{"loc":{"start":{"line":3,"column":12},"end":{"line":3,"column":23}},"type":"binary-expr","locations":[{"start":{"line":3,"column":12},"end":{"line":3,"column":23}},{"start":{"line":3,"column":12},"end":{"line":3,"column":23}}]}},"s":{"0":3,"1":3,"2":3,"3":0,"4":3},"f":{"0":3,"1":0},"b":{"0":[3,3]}}
,"C:\\projects\\react-mentoring\\src\\core\\store\\index.ts": {"path":"C:\\projects\\react-mentoring\\src\\core\\store\\index.ts","statementMap":{"0":{"start":{"line":1,"column":0},"end":{"line":1,"column":53}},"1":{"start":{"line":2,"column":0},"end":{"line":2,"column":34}},"2":{"start":{"line":3,"column":0},"end":{"line":3,"column":46}},"3":{"start":{"line":4,"column":0},"end":{"line":4,"column":38}},"4":{"start":{"line":7,"column":0},"end":{"line":10,"column":26}}},"fnMap":{},"branchMap":{},"s":{"0":0,"1":0,"2":0,"3":0,"4":0},"f":{},"b":{}}
,"C:\\projects\\react-mentoring\\src\\core\\store\\reducers.ts": {"path":"C:\\projects\\react-mentoring\\src\\core\\store\\reducers.ts","statementMap":{"0":{"start":{"line":2,"column":0},"end":{"line":2,"column":40}},"1":{"start":{"line":4,"column":6},"end":{"line":4,"column":21}},"2":{"start":{"line":9,"column":2},"end":{"line":16,"column":27}},"3":{"start":{"line":11,"column":6},"end":{"line":13,"column":23}},"4":{"start":{"line":16,"column":6},"end":{"line":16,"column":27}},"5":{"start":{"line":8,"column":0},"end":{"line":18,"column":1}}},"fnMap":{"0":{"name":"reducers","decl":{"start":{"line":8,"column":0},"end":{"line":8,"column":24}},"loc":{"start":{"line":8,"column":37},"end":{"line":18,"column":1}}}},"branchMap":{"0":{"loc":{"start":{"line":10,"column":4},"end":{"line":13,"column":23}},"type":"switch","locations":[{"start":{"line":10,"column":4},"end":{"line":13,"column":23}},{"start":{"line":15,"column":4},"end":{"line":16,"column":27}}]}},"s":{"0":0,"1":0,"2":0,"3":0,"4":0,"5":0},"f":{"0":0},"b":{"0":[0,0]}}
,"C:\\projects\\react-mentoring\\src\\movieDetails\\Header.tsx": {"path":"C:\\projects\\react-mentoring\\src\\movieDetails\\Header.tsx","statementMap":{"0":{"start":{"line":1,"column":0},"end":{"line":1,"column":30}},"1":{"start":{"line":2,"column":0},"end":{"line":2,"column":39}},"2":{"start":{"line":3,"column":0},"end":{"line":3,"column":90}},"3":{"start":{"line":5,"column":0},"end":{"line":5,"column":23}},"4":{"start":{"line":7,"column":0},"end":{"line":42,"column":2}},"5":{"start":{"line":8,"column":2},"end":{"line":41,"column":4}}},"fnMap":{"0":{"name":"(anonymous_0)","decl":{"start":{"line":7,"column":15},"end":{"line":7,"column":15}},"loc":{"start":{"line":7,"column":40},"end":{"line":42,"column":1}}}},"branchMap":{},"s":{"0":4,"1":4,"2":4,"3":4,"4":4,"5":1},"f":{"0":1},"b":{}}
,"C:\\projects\\react-mentoring\\src\\movies\\FilterResults.tsx": {"path":"C:\\projects\\react-mentoring\\src\\movies\\FilterResults.tsx","statementMap":{"0":{"start":{"line":1,"column":0},"end":{"line":1,"column":30}},"1":{"start":{"line":2,"column":0},"end":{"line":2,"column":48}},"2":{"start":{"line":8,"column":20},"end":{"line":19,"column":1}},"3":{"start":{"line":21,"column":21},"end":{"line":24,"column":1}},"4":{"start":{"line":26,"column":20},"end":{"line":28,"column":1}},"5":{"start":{"line":27,"column":2},"end":{"line":27,"column":85}},"6":{"start":{"line":30,"column":15},"end":{"line":46,"column":1}},"7":{"start":{"line":30,"column":31},"end":{"line":46,"column":1}},"8":{"start":{"line":39,"column":58},"end":{"line":43,"column":7}},"9":{"start":{"line":48,"column":16},"end":{"line":64,"column":1}},"10":{"start":{"line":48,"column":32},"end":{"line":64,"column":1}},"11":{"start":{"line":57,"column":59},"end":{"line":61,"column":7}},"12":{"start":{"line":66,"column":0},"end":{"line":74,"column":15}},"13":{"start":{"line":67,"column":2},"end":{"line":74,"column":15}}},"fnMap":{"0":{"name":"(anonymous_0)","decl":{"start":{"line":26,"column":20},"end":{"line":26,"column":20}},"loc":{"start":{"line":26,"column":34},"end":{"line":28,"column":1}}},"1":{"name":"(anonymous_1)","decl":{"start":{"line":30,"column":15},"end":{"line":30,"column":15}},"loc":{"start":{"line":30,"column":26},"end":{"line":46,"column":1}}},"2":{"name":"(anonymous_2)","decl":{"start":{"line":39,"column":23},"end":{"line":39,"column":23}},"loc":{"start":{"line":39,"column":53},"end":{"line":43,"column":7}}},"3":{"name":"(anonymous_3)","decl":{"start":{"line":48,"column":16},"end":{"line":48,"column":16}},"loc":{"start":{"line":48,"column":27},"end":{"line":64,"column":1}}},"4":{"name":"(anonymous_4)","decl":{"start":{"line":57,"column":24},"end":{"line":57,"column":24}},"loc":{"start":{"line":57,"column":54},"end":{"line":61,"column":7}}},"5":{"name":"(anonymous_5)","decl":{"start":{"line":66,"column":15},"end":{"line":66,"column":15}},"loc":{"start":{"line":66,"column":26},"end":{"line":74,"column":15}}}},"branchMap":{},"s":{"0":4,"1":4,"2":4,"3":4,"4":4,"5":1,"6":4,"7":1,"8":10,"9":4,"10":1,"11":2,"12":4,"13":4},"f":{"0":1,"1":1,"2":10,"3":1,"4":2,"5":4},"b":{}}
,"C:\\projects\\react-mentoring\\src\\movies\\Header.tsx": {"path":"C:\\projects\\react-mentoring\\src\\movies\\Header.tsx","statementMap":{"0":{"start":{"line":1,"column":0},"end":{"line":1,"column":30}},"1":{"start":{"line":2,"column":0},"end":{"line":2,"column":56}},"2":{"start":{"line":3,"column":0},"end":{"line":3,"column":23}},"3":{"start":{"line":4,"column":0},"end":{"line":4,"column":33}},"4":{"start":{"line":6,"column":20},"end":{"line":22,"column":1}},"5":{"start":{"line":6,"column":36},"end":{"line":22,"column":1}},"6":{"start":{"line":24,"column":0},"end":{"line":52,"column":2}},"7":{"start":{"line":25,"column":2},"end":{"line":51,"column":4}}},"fnMap":{"0":{"name":"(anonymous_0)","decl":{"start":{"line":6,"column":20},"end":{"line":6,"column":20}},"loc":{"start":{"line":6,"column":31},"end":{"line":22,"column":1}}},"1":{"name":"(anonymous_1)","decl":{"start":{"line":24,"column":15},"end":{"line":24,"column":15}},"loc":{"start":{"line":24,"column":26},"end":{"line":52,"column":1}}}},"branchMap":{},"s":{"0":4,"1":4,"2":4,"3":4,"4":4,"5":1,"6":4,"7":2},"f":{"0":1,"1":2},"b":{}}
,"C:\\projects\\react-mentoring\\src\\movies\\SearchBy.tsx": {"path":"C:\\projects\\react-mentoring\\src\\movies\\SearchBy.tsx","statementMap":{"0":{"start":{"line":1,"column":0},"end":{"line":1,"column":30}},"1":{"start":{"line":2,"column":0},"end":{"line":2,"column":55}},"2":{"start":{"line":3,"column":0},"end":{"line":3,"column":25}},"3":{"start":{"line":5,"column":0},"end":{"line":5,"column":53}},"4":{"start":{"line":5,"column":38},"end":{"line":5,"column":58}},"5":{"start":{"line":10,"column":9},"end":{"line":15,"column":3}},"6":{"start":{"line":11,"column":4},"end":{"line":13,"column":5}},"7":{"start":{"line":12,"column":6},"end":{"line":12,"column":22}},"8":{"start":{"line":14,"column":4},"end":{"line":14,"column":14}},"9":{"start":{"line":17,"column":9},"end":{"line":41,"column":3}},"10":{"start":{"line":18,"column":4},"end":{"line":40,"column":6}},"11":{"start":{"line":42,"column":0},"end":{"line":42,"column":1}}},"fnMap":{"0":{"name":"(anonymous_5)","decl":{"start":{"line":5,"column":0},"end":{"line":null,"column":-1}},"loc":{"start":{"line":5,"column":0},"end":{"line":5,"column":-1}}},"1":{"name":"SearchBy","decl":{"start":{"line":6,"column":2},"end":{"line":6,"column":13}},"loc":{"start":{"line":6,"column":24},"end":{"line":8,"column":3}}},"2":{"name":"(anonymous_7)","decl":{"start":{"line":10,"column":2},"end":{"line":10,"column":17}},"loc":{"start":{"line":10,"column":41},"end":{"line":15,"column":3}}},"3":{"name":"(anonymous_8)","decl":{"start":{"line":17,"column":2},"end":{"line":null,"column":-1}},"loc":{"start":{"line":17,"column":2},"end":{"line":41,"column":3}}}},"branchMap":{"0":{"loc":{"start":{"line":7,"column":4},"end":{"line":7,"column":16}},"type":"binary-expr","locations":[{"start":{"line":7,"column":4},"end":{"line":7,"column":16}},{"start":{"line":7,"column":16},"end":{"line":null,"column":-1}}]},"1":{"loc":{"start":{"line":11,"column":4},"end":{"line":13,"column":5}},"type":"if","locations":[{"start":{"line":11,"column":4},"end":{"line":13,"column":5}},{"start":{"line":11,"column":4},"end":{"line":13,"column":5}}]}},"s":{"0":5,"1":5,"2":5,"3":5,"4":5,"5":5,"6":2,"7":1,"8":1,"9":5,"10":1,"11":5},"f":{"0":5,"1":1,"2":2,"3":1},"b":{"0":[1,1],"1":[1,1]}}
,"C:\\projects\\react-mentoring\\src\\services\\moviesService.ts": {"path":"C:\\projects\\react-mentoring\\src\\services\\moviesService.ts","statementMap":{"0":{"start":{"line":1,"column":0},"end":{"line":1,"column":25}},"1":{"start":{"line":2,"column":16},"end":{"line":2,"column":52}},"2":{"start":{"line":5,"column":17},"end":{"line":5,"column":33}},"3":{"start":{"line":6,"column":2},"end":{"line":8,"column":42}},"4":{"start":{"line":8,"column":22},"end":{"line":8,"column":40}},"5":{"start":{"line":4,"column":0},"end":{"line":9,"column":1}},"6":{"start":{"line":12,"column":17},"end":{"line":12,"column":39}},"7":{"start":{"line":13,"column":2},"end":{"line":13,"column":56}},"8":{"start":{"line":13,"column":41},"end":{"line":13,"column":54}},"9":{"start":{"line":11,"column":0},"end":{"line":14,"column":1}}},"fnMap":{"0":{"name":"getMovies","decl":{"start":{"line":4,"column":0},"end":{"line":4,"column":25}},"loc":{"start":{"line":4,"column":37},"end":{"line":9,"column":1}}},"1":{"name":"(anonymous_1)","decl":{"start":{"line":8,"column":10},"end":{"line":8,"column":9}},"loc":{"start":{"line":8,"column":18},"end":{"line":8,"column":40}}},"2":{"name":"getMovieById","decl":{"start":{"line":11,"column":0},"end":{"line":11,"column":28}},"loc":{"start":{"line":11,"column":39},"end":{"line":14,"column":1}}},"3":{"name":"(anonymous_3)","decl":{"start":{"line":13,"column":29},"end":{"line":13,"column":28}},"loc":{"start":{"line":13,"column":37},"end":{"line":13,"column":54}}}},"branchMap":{},"s":{"0":4,"1":4,"2":2,"3":2,"4":2,"5":4,"6":2,"7":2,"8":2,"9":4},"f":{"0":2,"1":2,"2":2,"3":2},"b":{}}
,"C:\\projects\\react-mentoring\\src\\views\\MovieDetailsView.tsx": {"path":"C:\\projects\\react-mentoring\\src\\views\\MovieDetailsView.tsx","statementMap":{"0":{"start":{"line":1,"column":0},"end":{"line":1,"column":30}},"1":{"start":{"line":2,"column":0},"end":{"line":2,"column":73}},"2":{"start":{"line":3,"column":0},"end":{"line":3,"column":62}},"3":{"start":{"line":5,"column":0},"end":{"line":7,"column":2}},"4":{"start":{"line":5,"column":18},"end":{"line":5,"column":23}},"5":{"start":{"line":5,"column":63},"end":{"line":7,"column":1}}},"fnMap":{"0":{"name":"(anonymous_0)","decl":{"start":{"line":5,"column":15},"end":{"line":5,"column":15}},"loc":{"start":{"line":5,"column":58},"end":{"line":7,"column":1}}}},"branchMap":{},"s":{"0":2,"1":2,"2":2,"3":2,"4":1,"5":1},"f":{"0":1},"b":{}}
,"C:\\projects\\react-mentoring\\src\\views\\MoviesView.tsx": {"path":"C:\\projects\\react-mentoring\\src\\views\\MoviesView.tsx","statementMap":{"0":{"start":{"line":1,"column":0},"end":{"line":1,"column":30}},"1":{"start":{"line":2,"column":0},"end":{"line":2,"column":73}},"2":{"start":{"line":4,"column":0},"end":{"line":4,"column":61}},"3":{"start":{"line":6,"column":0},"end":{"line":8,"column":2}},"4":{"start":{"line":6,"column":18},"end":{"line":6,"column":23}},"5":{"start":{"line":6,"column":63},"end":{"line":8,"column":1}}},"fnMap":{"0":{"name":"(anonymous_0)","decl":{"start":{"line":6,"column":15},"end":{"line":6,"column":15}},"loc":{"start":{"line":6,"column":58},"end":{"line":8,"column":1}}}},"branchMap":{},"s":{"0":2,"1":2,"2":2,"3":2,"4":1,"5":1},"f":{"0":1},"b":{}}
}
