TN:
SF:C:\projects\react-mentoring\src\App.tsx
FN:11,(anonymous_5)
FN:12,(anonymous_7)
FNF:2
FNH:2
FNDA:2,(anonymous_5)
FNDA:1,(anonymous_7)
DA:1,1
DA:2,1
DA:3,1
DA:4,1
DA:5,1
DA:6,1
DA:7,1
DA:8,1
DA:11,1
DA:12,1
DA:13,1
DA:31,1
DA:33,1
LF:13
LH:13
BRF:0
BRH:0
end_of_record
TN:
SF:C:\projects\react-mentoring\src\containers\FilmsBy.tsx
FN:4,(anonymous_0)
FNF:1
FNH:1
FNDA:1,(anonymous_0)
DA:1,4
DA:4,4
LF:2
LH:2
BRF:0
BRH:0
end_of_record
TN:
SF:C:\projects\react-mentoring\src\containers\MovieDetailsContainer.tsx
FN:10,(anonymous_17)
FN:16,(anonymous_18)
FN:18,(anonymous_19)
FN:22,(anonymous_20)
FN:26,MovieDetails
FN:33,(anonymous_22)
FN:48,(anonymous_25)
FN:58,(anonymous_26)
FN:66,(anonymous_27)
FN:67,(anonymous_28)
FN:70,(anonymous_29)
FN:75,(anonymous_30)
FNF:12
FNH:12
FNDA:9,(anonymous_17)
FNDA:9,(anonymous_18)
FNDA:5,(anonymous_19)
FNDA:3,(anonymous_20)
FNDA:9,MovieDetails
FNDA:9,(anonymous_22)
FNDA:5,(anonymous_25)
FNDA:2,(anonymous_26)
FNDA:6,(anonymous_27)
FNDA:7,(anonymous_28)
FNDA:6,(anonymous_29)
FNDA:14,(anonymous_30)
DA:1,3
DA:2,3
DA:4,3
DA:5,3
DA:6,3
DA:7,3
DA:8,3
DA:10,3
DA:11,9
DA:16,3
DA:17,9
DA:18,5
DA:22,3
DA:27,9
DA:28,9
DA:33,3
DA:34,9
DA:36,4
DA:37,5
DA:40,4
DA:41,4
DA:43,0
DA:48,3
DA:49,5
DA:55,5
DA:58,3
DA:59,2
DA:60,2
DA:61,1
DA:62,1
DA:66,3
DA:67,7
DA:70,3
DA:71,6
DA:72,6
DA:75,3
DA:76,14
DA:77,10
DA:85,4
DA:87,3
DA:89,3
LF:41
LH:40
BRDA:27,0,0,9
BRDA:27,0,1,9
BRDA:60,1,0,1
BRDA:60,1,1,1
BRDA:76,2,0,10
BRDA:76,2,1,4
BRF:6
BRH:6
end_of_record
TN:
SF:C:\projects\react-mentoring\src\containers\MoviesContainer.tsx
FN:18,(anonymous_6)
FN:24,(anonymous_7)
FN:26,(anonymous_8)
FN:30,(anonymous_9)
FN:34,MoviesContainer
FN:47,(anonymous_11)
FN:52,(anonymous_12)
FN:56,(anonymous_13)
FN:60,(anonymous_14)
FN:65,(anonymous_15)
FN:71,(anonymous_16)
FN:79,(anonymous_17)
FN:99,(anonymous_18)
FN:108,(anonymous_19)
FNF:14
FNH:14
FNDA:12,(anonymous_6)
FNDA:12,(anonymous_7)
FNDA:1,(anonymous_8)
FNDA:3,(anonymous_9)
FNDA:12,MoviesContainer
FNDA:14,(anonymous_11)
FNDA:1,(anonymous_12)
FNDA:1,(anonymous_13)
FNDA:2,(anonymous_14)
FNDA:4,(anonymous_15)
FNDA:4,(anonymous_16)
FNDA:33,(anonymous_17)
FNDA:17,(anonymous_18)
FNDA:17,(anonymous_19)
DA:1,3
DA:2,3
DA:3,3
DA:4,3
DA:5,3
DA:6,3
DA:7,3
DA:18,3
DA:19,12
DA:24,3
DA:25,12
DA:26,1
DA:30,3
DA:35,12
DA:36,12
DA:44,12
DA:47,3
DA:48,14
DA:49,14
DA:52,3
DA:53,1
DA:56,3
DA:57,1
DA:60,3
DA:61,2
DA:62,2
DA:65,4
DA:66,4
DA:67,4
DA:71,4
DA:72,4
DA:73,1
DA:79,3
DA:80,33
DA:81,33
DA:82,33
DA:83,33
DA:99,3
DA:100,17
DA:105,17
DA:108,3
DA:109,17
DA:114,3
DA:116,3
LF:44
LH:44
BRDA:35,0,0,12
BRDA:35,0,1,12
BRDA:72,1,0,1
BRDA:72,1,1,3
BRF:4
BRH:4
end_of_record
TN:
SF:C:\projects\react-mentoring\src\core\ErrorBoundary.tsx
FN:7,(anonymous_5)
FN:10,ErrorBoundary
FN:15,(anonymous_7)
FN:19,(anonymous_8)
FNF:4
FNH:4
FNDA:2,(anonymous_5)
FNDA:4,ErrorBoundary
FNDA:2,(anonymous_7)
FNDA:6,(anonymous_8)
DA:1,2
DA:7,2
DA:11,4
DA:12,4
DA:15,2
DA:16,2
DA:19,2
DA:20,6
DA:21,2
DA:24,4
DA:26,2
LF:11
LH:11
BRDA:11,0,0,4
BRDA:11,0,1,4
BRDA:20,1,0,2
BRDA:20,1,1,4
BRF:4
BRH:4
end_of_record
TN:
SF:C:\projects\react-mentoring\src\core\MovieCard.tsx
FN:13,(anonymous_0)
FN:15,(anonymous_1)
FN:19,(anonymous_2)
FNF:3
FNH:3
FNDA:1,(anonymous_0)
FNDA:4,(anonymous_1)
FNDA:2,(anonymous_2)
DA:1,7
DA:2,7
DA:3,7
DA:11,7
DA:13,7
DA:15,4
DA:19,7
LF:7
LH:7
BRF:0
BRH:0
end_of_record
TN:
SF:C:\projects\react-mentoring\src\core\MoviesList.tsx
FN:10,(anonymous_0)
FN:12,(anonymous_1)
FN:19,(anonymous_2)
FNF:3
FNH:3
FNDA:2,(anonymous_0)
FNDA:3,(anonymous_1)
FNDA:1,(anonymous_2)
DA:1,6
DA:2,6
DA:4,6
DA:10,6
DA:12,6
DA:13,3
DA:14,2
DA:16,1
DA:19,1
LF:9
LH:9
BRDA:13,0,0,2
BRDA:13,0,1,1
BRF:2
BRH:2
end_of_record
TN:
SF:C:\projects\react-mentoring\src\core\store\actions.ts
FN:3,(anonymous_0)
FN:7,getMovies
FNF:2
FNH:1
FNDA:3,(anonymous_0)
FNDA:0,getMovies
DA:1,3
DA:3,3
DA:4,3
DA:7,3
DA:8,0
LF:5
LH:4
BRDA:3,0,0,3
BRDA:3,0,1,3
BRF:2
BRH:2
end_of_record
TN:
SF:C:\projects\react-mentoring\src\core\store\index.ts
FNF:0
FNH:0
DA:1,0
DA:2,0
DA:3,0
DA:4,0
DA:7,0
LF:5
LH:0
BRF:0
BRH:0
end_of_record
TN:
SF:C:\projects\react-mentoring\src\core\store\reducers.ts
FN:8,reducers
FNF:1
FNH:0
FNDA:0,reducers
DA:2,0
DA:4,0
DA:8,0
DA:9,0
DA:11,0
DA:16,0
LF:6
LH:0
BRDA:10,0,0,0
BRDA:10,0,1,0
BRF:2
BRH:0
end_of_record
TN:
SF:C:\projects\react-mentoring\src\movieDetails\Header.tsx
FN:7,(anonymous_0)
FNF:1
FNH:1
FNDA:1,(anonymous_0)
DA:1,4
DA:2,4
DA:3,4
DA:5,4
DA:7,4
DA:8,1
LF:6
LH:6
BRF:0
BRH:0
end_of_record
TN:
SF:C:\projects\react-mentoring\src\movies\FilterResults.tsx
FN:26,(anonymous_0)
FN:30,(anonymous_1)
FN:39,(anonymous_2)
FN:48,(anonymous_3)
FN:57,(anonymous_4)
FN:66,(anonymous_5)
FNF:6
FNH:6
FNDA:1,(anonymous_0)
FNDA:1,(anonymous_1)
FNDA:10,(anonymous_2)
FNDA:1,(anonymous_3)
FNDA:2,(anonymous_4)
FNDA:4,(anonymous_5)
DA:1,4
DA:2,4
DA:8,4
DA:21,4
DA:26,4
DA:27,1
DA:30,4
DA:39,10
DA:48,4
DA:57,2
DA:66,4
DA:67,4
LF:12
LH:12
BRF:0
BRH:0
end_of_record
TN:
SF:C:\projects\react-mentoring\src\movies\Header.tsx
FN:6,(anonymous_0)
FN:24,(anonymous_1)
FNF:2
FNH:2
FNDA:1,(anonymous_0)
FNDA:2,(anonymous_1)
DA:1,4
DA:2,4
DA:3,4
DA:4,4
DA:6,4
DA:24,4
DA:25,2
LF:7
LH:7
BRF:0
BRH:0
end_of_record
TN:
SF:C:\projects\react-mentoring\src\movies\SearchBy.tsx
FN:5,(anonymous_5)
FN:6,SearchBy
FN:10,(anonymous_7)
FN:17,(anonymous_8)
FNF:4
FNH:4
FNDA:5,(anonymous_5)
FNDA:1,SearchBy
FNDA:2,(anonymous_7)
FNDA:1,(anonymous_8)
DA:1,5
DA:2,5
DA:3,5
DA:5,5
DA:10,5
DA:11,2
DA:12,1
DA:14,1
DA:17,5
DA:18,1
DA:42,5
LF:11
LH:11
BRDA:7,0,0,1
BRDA:7,0,1,1
BRDA:11,1,0,1
BRDA:11,1,1,1
BRF:4
BRH:4
end_of_record
TN:
SF:C:\projects\react-mentoring\src\services\moviesService.ts
FN:4,getMovies
FN:8,(anonymous_1)
FN:11,getMovieById
FN:13,(anonymous_3)
FNF:4
FNH:4
FNDA:2,getMovies
FNDA:2,(anonymous_1)
FNDA:2,getMovieById
FNDA:2,(anonymous_3)
DA:1,4
DA:2,4
DA:4,4
DA:5,2
DA:6,2
DA:8,2
DA:11,4
DA:12,2
DA:13,2
LF:9
LH:9
BRF:0
BRH:0
end_of_record
TN:
SF:C:\projects\react-mentoring\src\views\MovieDetailsView.tsx
FN:5,(anonymous_0)
FNF:1
FNH:1
FNDA:1,(anonymous_0)
DA:1,2
DA:2,2
DA:3,2
DA:5,2
LF:4
LH:4
BRF:0
BRH:0
end_of_record
TN:
SF:C:\projects\react-mentoring\src\views\MoviesView.tsx
FN:6,(anonymous_0)
FNF:1
FNH:1
FNDA:1,(anonymous_0)
DA:1,2
DA:2,2
DA:4,2
DA:6,2
LF:4
LH:4
BRF:0
BRH:0
end_of_record
